<?xml version="1.0" encoding="UTF-8"?>
<!-- Generated by org.testng.reporters.JUnitReportReporter -->
<testsuite hostname="L-IDC4B2DV7M-M.local" name="com.blink.scm.SCMManagerTest" tests="1" failures="0" timestamp="29 Mar 2013 08:43:16 GMT" time="3.256" errors="0">
  <testcase name="scmTest" time="3.256" classname="com.blink.scm.SCMManagerTest"/>
</testsuite> <!-- com.blink.scm.SCMManagerTest -->
